{"/Users/kemojallow/Documents/Development/jobs/edu_beyond/app.ts": {"path":"/Users/kemojallow/Documents/Development/jobs/edu_beyond/app.ts","statementMap":{"0":{"start":{"line":1,"column":0},"end":{"line":1,"column":30}},"1":{"start":{"line":2,"column":0},"end":{"line":2,"column":24}},"2":{"start":{"line":3,"column":0},"end":{"line":3,"column":37}},"3":{"start":{"line":4,"column":0},"end":{"line":4,"column":45}},"4":{"start":{"line":5,"column":0},"end":{"line":5,"column":56}},"5":{"start":{"line":6,"column":0},"end":{"line":6,"column":36}},"6":{"start":{"line":8,"column":12},"end":{"line":8,"column":21}},"7":{"start":{"line":9,"column":0},"end":{"line":14,"column":2}},"8":{"start":{"line":16,"column":0},"end":{"line":16,"column":24}},"9":{"start":{"line":17,"column":0},"end":{"line":17,"column":49}},"10":{"start":{"line":18,"column":0},"end":{"line":18,"column":21}},"11":{"start":{"line":20,"column":0},"end":{"line":20,"column":15}},"12":{"start":{"line":22,"column":0},"end":{"line":24,"column":3}},"13":{"start":{"line":23,"column":2},"end":{"line":23,"column":48}},"14":{"start":{"line":25,"column":0},"end":{"line":27,"column":3}},"15":{"start":{"line":26,"column":2},"end":{"line":26,"column":77}},"16":{"start":{"line":29,"column":0},"end":{"line":33,"column":3}},"17":{"start":{"line":30,"column":2},"end":{"line":30,"column":57}},"18":{"start":{"line":31,"column":2},"end":{"line":31,"column":35}},"19":{"start":{"line":32,"column":2},"end":{"line":32,"column":18}},"20":{"start":{"line":34,"column":0},"end":{"line":34,"column":19}}},"fnMap":{"0":{"name":"(anonymous_1)","decl":{"start":{"line":22,"column":13},"end":{"line":22,"column":14}},"loc":{"start":{"line":22,"column":26},"end":{"line":24,"column":1}}},"1":{"name":"(anonymous_2)","decl":{"start":{"line":25,"column":8},"end":{"line":25,"column":9}},"loc":{"start":{"line":25,"column":21},"end":{"line":27,"column":1}}},"2":{"name":"(anonymous_3)","decl":{"start":{"line":29,"column":32},"end":{"line":29,"column":42}},"loc":{"start":{"line":29,"column":55},"end":{"line":33,"column":1}}}},"branchMap":{},"s":{"0":1,"1":1,"2":1,"3":1,"4":1,"5":1,"6":1,"7":1,"8":1,"9":1,"10":1,"11":1,"12":1,"13":0,"14":1,"15":1,"16":1,"17":0,"18":0,"19":0,"20":1},"f":{"0":0,"1":1,"2":0},"b":{}}
,"/Users/kemojallow/Documents/Development/jobs/edu_beyond/config/index.ts": {"path":"/Users/kemojallow/Documents/Development/jobs/edu_beyond/config/index.ts","statementMap":{"0":{"start":{"line":1,"column":0},"end":{"line":1,"column":28}},"1":{"start":{"line":2,"column":0},"end":{"line":2,"column":42}},"2":{"start":{"line":3,"column":0},"end":{"line":3,"column":null}},"3":{"start":{"line":11,"column":15},"end":{"line":21,"column":2}},"4":{"start":{"line":23,"column":0},"end":{"line":23,"column":22}},"5":{"start":{"line":24,"column":0},"end":{"line":24,"column":3}},"6":{"start":{"line":26,"column":20},"end":{"line":26,"column":56}},"7":{"start":{"line":27,"column":13},"end":{"line":30,"column":18}}},"fnMap":{},"branchMap":{"0":{"loc":{"start":{"line":12,"column":8},"end":{"line":12,"column":40}},"type":"binary-expr","locations":[{"start":{"line":12,"column":8},"end":{"line":12,"column":24}},{"start":{"line":12,"column":28},"end":{"line":12,"column":40}}]},"1":{"loc":{"start":{"line":26,"column":20},"end":{"line":26,"column":56}},"type":"binary-expr","locations":[{"start":{"line":26,"column":20},"end":{"line":26,"column":43}},{"start":{"line":26,"column":47},"end":{"line":26,"column":56}}]}},"s":{"0":2,"1":2,"2":2,"3":2,"4":2,"5":2,"6":2,"7":2},"f":{},"b":{"0":[2,2],"1":[2,2]}}
,"/Users/kemojallow/Documents/Development/jobs/edu_beyond/middlewares/fileSizeLimiter.ts": {"path":"/Users/kemojallow/Documents/Development/jobs/edu_beyond/middlewares/fileSizeLimiter.ts","statementMap":{"0":{"start":{"line":2,"column":0},"end":{"line":2,"column":46}},"1":{"start":{"line":3,"column":0},"end":{"line":3,"column":70}},"2":{"start":{"line":5,"column":37},"end":{"line":40,"column":1}},"3":{"start":{"line":8,"column":2},"end":{"line":39,"column":4}},"4":{"start":{"line":9,"column":26},"end":{"line":9,"column":55}},"5":{"start":{"line":11,"column":4},"end":{"line":17,"column":5}},"6":{"start":{"line":12,"column":6},"end":{"line":15,"column":9}},"7":{"start":{"line":16,"column":6},"end":{"line":16,"column":13}},"8":{"start":{"line":19,"column":17},"end":{"line":19,"column":44}},"9":{"start":{"line":21,"column":4},"end":{"line":27,"column":5}},"10":{"start":{"line":22,"column":6},"end":{"line":25,"column":9}},"11":{"start":{"line":26,"column":6},"end":{"line":26,"column":13}},"12":{"start":{"line":29,"column":4},"end":{"line":36,"column":5}},"13":{"start":{"line":30,"column":24},"end":{"line":30,"column":52}},"14":{"start":{"line":31,"column":6},"end":{"line":34,"column":9}},"15":{"start":{"line":35,"column":6},"end":{"line":35,"column":13}},"16":{"start":{"line":38,"column":4},"end":{"line":38,"column":11}},"17":{"start":{"line":5,"column":13},"end":{"line":5,"column":37}},"18":{"start":{"line":42,"column":13},"end":{"line":42,"column":55}}},"fnMap":{"0":{"name":"(anonymous_0)","decl":{"start":{"line":5,"column":37},"end":{"line":5,"column":null}},"loc":{"start":{"line":7,"column":4},"end":{"line":40,"column":1}}},"1":{"name":"(anonymous_1)","decl":{"start":{"line":8,"column":9},"end":{"line":8,"column":10}},"loc":{"start":{"line":8,"column":67},"end":{"line":39,"column":3}}}},"branchMap":{"0":{"loc":{"start":{"line":6,"column":2},"end":{"line":6,"column":44}},"type":"default-arg","locations":[{"start":{"line":6,"column":25},"end":{"line":6,"column":44}}]},"1":{"loc":{"start":{"line":11,"column":4},"end":{"line":17,"column":5}},"type":"if","locations":[{"start":{"line":11,"column":4},"end":{"line":17,"column":5}}]},"2":{"loc":{"start":{"line":21,"column":4},"end":{"line":27,"column":5}},"type":"if","locations":[{"start":{"line":21,"column":4},"end":{"line":27,"column":5}}]},"3":{"loc":{"start":{"line":29,"column":4},"end":{"line":36,"column":5}},"type":"if","locations":[{"start":{"line":29,"column":4},"end":{"line":36,"column":5}}]}},"s":{"0":3,"1":3,"2":3,"3":7,"4":5,"5":5,"6":1,"7":1,"8":4,"9":4,"10":1,"11":1,"12":3,"13":1,"14":1,"15":1,"16":2,"17":3,"18":3},"f":{"0":7,"1":5},"b":{"0":[3],"1":[1],"2":[1],"3":[1]}}
,"/Users/kemojallow/Documents/Development/jobs/edu_beyond/middlewares/fileValidation.ts": {"path":"/Users/kemojallow/Documents/Development/jobs/edu_beyond/middlewares/fileValidation.ts","statementMap":{"0":{"start":{"line":2,"column":0},"end":{"line":2,"column":62}},"1":{"start":{"line":3,"column":0},"end":{"line":3,"column":38}},"2":{"start":{"line":4,"column":0},"end":{"line":4,"column":20}},"3":{"start":{"line":5,"column":0},"end":{"line":5,"column":24}},"4":{"start":{"line":7,"column":26},"end":{"line":16,"column":1}},"5":{"start":{"line":8,"column":2},"end":{"line":15,"column":3}},"6":{"start":{"line":9,"column":21},"end":{"line":9,"column":46}},"7":{"start":{"line":10,"column":19},"end":{"line":10,"column":51}},"8":{"start":{"line":11,"column":4},"end":{"line":11,"column":40}},"9":{"start":{"line":13,"column":4},"end":{"line":13,"column":58}},"10":{"start":{"line":14,"column":4},"end":{"line":14,"column":17}},"11":{"start":{"line":18,"column":35},"end":{"line":34,"column":1}},"12":{"start":{"line":23,"column":2},"end":{"line":32,"column":3}},"13":{"start":{"line":24,"column":21},"end":{"line":24,"column":71}},"14":{"start":{"line":25,"column":20},"end":{"line":25,"column":53}},"15":{"start":{"line":26,"column":4},"end":{"line":31,"column":5}},"16":{"start":{"line":27,"column":6},"end":{"line":30,"column":9}},"17":{"start":{"line":33,"column":2},"end":{"line":33,"column":9}},"18":{"start":{"line":18,"column":13},"end":{"line":18,"column":35}}},"fnMap":{"0":{"name":"(anonymous_1)","decl":{"start":{"line":7,"column":26},"end":{"line":7,"column":31}},"loc":{"start":{"line":7,"column":71},"end":{"line":16,"column":1}}},"1":{"name":"(anonymous_2)","decl":{"start":{"line":18,"column":35},"end":{"line":18,"column":40}},"loc":{"start":{"line":22,"column":4},"end":{"line":34,"column":1}}}},"branchMap":{"0":{"loc":{"start":{"line":23,"column":2},"end":{"line":32,"column":3}},"type":"if","locations":[{"start":{"line":23,"column":2},"end":{"line":32,"column":3}}]},"1":{"loc":{"start":{"line":26,"column":4},"end":{"line":31,"column":5}},"type":"if","locations":[{"start":{"line":26,"column":4},"end":{"line":31,"column":5}}]}},"s":{"0":3,"1":3,"2":3,"3":3,"4":3,"5":2,"6":2,"7":2,"8":1,"9":1,"10":1,"11":3,"12":3,"13":2,"14":2,"15":2,"16":1,"17":2,"18":3},"f":{"0":2,"1":3},"b":{"0":[2],"1":[1]}}
,"/Users/kemojallow/Documents/Development/jobs/edu_beyond/middlewares/rateLimiter.ts": {"path":"/Users/kemojallow/Documents/Development/jobs/edu_beyond/middlewares/rateLimiter.ts","statementMap":{"0":{"start":{"line":2,"column":0},"end":{"line":2,"column":65}},"1":{"start":{"line":6,"column":54},"end":{"line":6,"column":63}},"2":{"start":{"line":8,"column":10},"end":{"line":33,"column":3}},"3":{"start":{"line":9,"column":15},"end":{"line":9,"column":36}},"4":{"start":{"line":10,"column":16},"end":{"line":10,"column":26}},"5":{"start":{"line":12,"column":24},"end":{"line":12,"column":50}},"6":{"start":{"line":14,"column":4},"end":{"line":29,"column":5}},"7":{"start":{"line":15,"column":6},"end":{"line":15,"column":51}},"8":{"start":{"line":17,"column":6},"end":{"line":17,"column":28}},"9":{"start":{"line":18,"column":6},"end":{"line":28,"column":7}},"10":{"start":{"line":19,"column":27},"end":{"line":20,"column":null}},"11":{"start":{"line":22,"column":8},"end":{"line":26,"column":11}},"12":{"start":{"line":27,"column":8},"end":{"line":27,"column":15}},"13":{"start":{"line":31,"column":4},"end":{"line":31,"column":46}},"14":{"start":{"line":32,"column":4},"end":{"line":32,"column":11}},"15":{"start":{"line":36,"column":4},"end":{"line":41,"column":6}},"16":{"start":{"line":5,"column":0},"end":{"line":5,"column":13}},"17":{"start":{"line":45,"column":13},"end":{"line":45,"column":51}}},"fnMap":{"0":{"name":"(anonymous_0)","decl":{"start":{"line":8,"column":10},"end":{"line":8,"column":11}},"loc":{"start":{"line":8,"column":68},"end":{"line":33,"column":3}}},"1":{"name":"(anonymous_1)","decl":{"start":{"line":35,"column":10},"end":{"line":35,"column":21}},"loc":{"start":{"line":35,"column":34},"end":{"line":42,"column":3}}}},"branchMap":{"0":{"loc":{"start":{"line":14,"column":4},"end":{"line":29,"column":5}},"type":"if","locations":[{"start":{"line":14,"column":4},"end":{"line":29,"column":5}},{"start":{"line":16,"column":11},"end":{"line":29,"column":5}}]},"1":{"loc":{"start":{"line":14,"column":8},"end":{"line":14,"column":72}},"type":"binary-expr","locations":[{"start":{"line":14,"column":8},"end":{"line":14,"column":22}},{"start":{"line":14,"column":26},"end":{"line":14,"column":72}}]},"2":{"loc":{"start":{"line":18,"column":6},"end":{"line":28,"column":7}},"type":"if","locations":[{"start":{"line":18,"column":6},"end":{"line":28,"column":7}}]},"3":{"loc":{"start":{"line":37,"column":7},"end":{"line":40,"column":15}},"type":"binary-expr","locations":[{"start":{"line":37,"column":7},"end":{"line":37,"column":70}},{"start":{"line":38,"column":6},"end":{"line":38,"column":12}},{"start":{"line":39,"column":6},"end":{"line":39,"column":30}},{"start":{"line":40,"column":6},"end":{"line":40,"column":15}}]}},"s":{"0":2,"1":3,"2":3,"3":23,"4":23,"5":23,"6":23,"7":3,"8":20,"9":20,"10":1,"11":1,"12":1,"13":22,"14":22,"15":23,"16":2,"17":2},"f":{"0":23,"1":23},"b":{"0":[3,20],"1":[23,20],"2":[1],"3":[23,2,0,0]}}
,"/Users/kemojallow/Documents/Development/jobs/edu_beyond/routes/index.ts": {"path":"/Users/kemojallow/Documents/Development/jobs/edu_beyond/routes/index.ts","statementMap":{"0":{"start":{"line":4,"column":0},"end":{"line":4,"column":16}},"1":{"start":{"line":2,"column":0},"end":{"line":2,"column":40}},"2":{"start":{"line":5,"column":2},"end":{"line":5,"column":20}}},"fnMap":{"0":{"name":"useRoutes","decl":{"start":{"line":4,"column":16},"end":{"line":4,"column":25}},"loc":{"start":{"line":4,"column":38},"end":{"line":7,"column":1}}}},"branchMap":{},"s":{"0":1,"1":1,"2":1},"f":{"0":1},"b":{}}
,"/Users/kemojallow/Documents/Development/jobs/edu_beyond/routes/upload/index.ts": {"path":"/Users/kemojallow/Documents/Development/jobs/edu_beyond/routes/upload/index.ts","statementMap":{"0":{"start":{"line":7,"column":0},"end":{"line":7,"column":16}},"1":{"start":{"line":2,"column":0},"end":{"line":2,"column":49}},"2":{"start":{"line":3,"column":0},"end":{"line":3,"column":57}},"3":{"start":{"line":4,"column":0},"end":{"line":4,"column":71}},"4":{"start":{"line":5,"column":0},"end":{"line":5,"column":68}},"5":{"start":{"line":8,"column":2},"end":{"line":10,"column":5}},"6":{"start":{"line":9,"column":4},"end":{"line":9,"column":50}},"7":{"start":{"line":12,"column":2},"end":{"line":18,"column":4}}},"fnMap":{"0":{"name":"uploadRoutes","decl":{"start":{"line":7,"column":16},"end":{"line":7,"column":28}},"loc":{"start":{"line":7,"column":41},"end":{"line":19,"column":1}}},"1":{"name":"(anonymous_1)","decl":{"start":{"line":8,"column":15},"end":{"line":8,"column":16}},"loc":{"start":{"line":8,"column":67},"end":{"line":10,"column":3}}}},"branchMap":{},"s":{"0":2,"1":2,"2":2,"3":2,"4":2,"5":3,"6":2,"7":3},"f":{"0":3,"1":2},"b":{}}
,"/Users/kemojallow/Documents/Development/jobs/edu_beyond/services/upload/index.ts": {"path":"/Users/kemojallow/Documents/Development/jobs/edu_beyond/services/upload/index.ts","statementMap":{"0":{"start":{"line":2,"column":0},"end":{"line":2,"column":49}},"1":{"start":{"line":3,"column":0},"end":{"line":3,"column":37}},"2":{"start":{"line":5,"column":0},"end":{"line":5,"column":38}},"3":{"start":{"line":6,"column":0},"end":{"line":6,"column":40}},"4":{"start":{"line":8,"column":32},"end":{"line":50,"column":1}},"5":{"start":{"line":13,"column":2},"end":{"line":49,"column":5}},"6":{"start":{"line":14,"column":4},"end":{"line":33,"column":5}},"7":{"start":{"line":15,"column":6},"end":{"line":22,"column":7}},"8":{"start":{"line":16,"column":8},"end":{"line":16,"column":73}},"9":{"start":{"line":18,"column":8},"end":{"line":21,"column":11}},"10":{"start":{"line":23,"column":6},"end":{"line":26,"column":9}},"11":{"start":{"line":27,"column":11},"end":{"line":33,"column":5}},"12":{"start":{"line":28,"column":6},"end":{"line":28,"column":79}},"13":{"start":{"line":29,"column":6},"end":{"line":32,"column":9}},"14":{"start":{"line":35,"column":4},"end":{"line":41,"column":5}},"15":{"start":{"line":36,"column":6},"end":{"line":36,"column":64}},"16":{"start":{"line":37,"column":6},"end":{"line":40,"column":9}},"17":{"start":{"line":43,"column":4},"end":{"line":43,"column":78}},"18":{"start":{"line":45,"column":4},"end":{"line":48,"column":7}},"19":{"start":{"line":8,"column":13},"end":{"line":8,"column":32}}},"fnMap":{"0":{"name":"(anonymous_1)","decl":{"start":{"line":8,"column":32},"end":{"line":8,"column":null}},"loc":{"start":{"line":12,"column":4},"end":{"line":50,"column":1}}},"1":{"name":"(anonymous_2)","decl":{"start":{"line":13,"column":19},"end":{"line":13,"column":20}},"loc":{"start":{"line":13,"column":32},"end":{"line":49,"column":3}}}},"branchMap":{"0":{"loc":{"start":{"line":14,"column":4},"end":{"line":33,"column":5}},"type":"if","locations":[{"start":{"line":14,"column":4},"end":{"line":33,"column":5}},{"start":{"line":27,"column":11},"end":{"line":33,"column":5}}]},"1":{"loc":{"start":{"line":15,"column":6},"end":{"line":22,"column":7}},"type":"if","locations":[{"start":{"line":15,"column":6},"end":{"line":22,"column":7}}]},"2":{"loc":{"start":{"line":27,"column":11},"end":{"line":33,"column":5}},"type":"if","locations":[{"start":{"line":27,"column":11},"end":{"line":33,"column":5}}]},"3":{"loc":{"start":{"line":35,"column":4},"end":{"line":41,"column":5}},"type":"if","locations":[{"start":{"line":35,"column":4},"end":{"line":41,"column":5}}]}},"s":{"0":2,"1":2,"2":2,"3":2,"4":2,"5":1,"6":1,"7":0,"8":0,"9":0,"10":0,"11":1,"12":0,"13":0,"14":1,"15":0,"16":0,"17":1,"18":1,"19":2},"f":{"0":1,"1":1},"b":{"0":[0,1],"1":[0],"2":[0],"3":[0]}}
,"/Users/kemojallow/Documents/Development/jobs/edu_beyond/utils/constants.ts": {"path":"/Users/kemojallow/Documents/Development/jobs/edu_beyond/utils/constants.ts","statementMap":{"0":{"start":{"line":1,"column":13},"end":{"line":1,"column":33}},"1":{"start":{"line":2,"column":13},"end":{"line":2,"column":35}},"2":{"start":{"line":3,"column":13},"end":{"line":3,"column":32}},"3":{"start":{"line":4,"column":13},"end":{"line":4,"column":46}},"4":{"start":{"line":5,"column":13},"end":{"line":5,"column":66}},"5":{"start":{"line":7,"column":13},"end":{"line":7,"column":46}},"6":{"start":{"line":8,"column":13},"end":{"line":8,"column":37}},"7":{"start":{"line":10,"column":13},"end":{"line":10,"column":30}},"8":{"start":{"line":11,"column":13},"end":{"line":11,"column":40}}},"fnMap":{},"branchMap":{},"s":{"0":4,"1":4,"2":4,"3":4,"4":4,"5":4,"6":4,"7":4,"8":4},"f":{},"b":{}}
,"/Users/kemojallow/Documents/Development/jobs/edu_beyond/utils/file.ts": {"path":"/Users/kemojallow/Documents/Development/jobs/edu_beyond/utils/file.ts","statementMap":{"0":{"start":{"line":3,"column":25},"end":{"line":12,"column":1}},"1":{"start":{"line":8,"column":2},"end":{"line":10,"column":3}},"2":{"start":{"line":9,"column":4},"end":{"line":9,"column":70}},"3":{"start":{"line":11,"column":2},"end":{"line":11,"column":17}},"4":{"start":{"line":3,"column":13},"end":{"line":3,"column":25}}},"fnMap":{"0":{"name":"(anonymous_0)","decl":{"start":{"line":3,"column":25},"end":{"line":3,"column":null}},"loc":{"start":{"line":7,"column":4},"end":{"line":12,"column":1}}}},"branchMap":{"0":{"loc":{"start":{"line":8,"column":2},"end":{"line":10,"column":3}},"type":"if","locations":[{"start":{"line":8,"column":2},"end":{"line":10,"column":3}}]}},"s":{"0":2,"1":1,"2":0,"3":1,"4":2},"f":{"0":1},"b":{"0":[0]}}
,"/Users/kemojallow/Documents/Development/jobs/edu_beyond/utils/index.ts": {"path":"/Users/kemojallow/Documents/Development/jobs/edu_beyond/utils/index.ts","statementMap":{"0":{"start":{"line":88,"column":0},"end":{"line":88,"column":16}},"1":{"start":{"line":128,"column":0},"end":{"line":128,"column":16}},"2":{"start":{"line":132,"column":0},"end":{"line":132,"column":16}},"3":{"start":{"line":136,"column":0},"end":{"line":136,"column":16}},"4":{"start":{"line":4,"column":13},"end":{"line":51,"column":11}},"5":{"start":{"line":55,"column":13},"end":{"line":57,"column":33}},"6":{"start":{"line":64,"column":13},"end":{"line":85,"column":11}},"7":{"start":{"line":89,"column":2},"end":{"line":125,"column":3}},"8":{"start":{"line":91,"column":6},"end":{"line":91,"column":31}},"9":{"start":{"line":93,"column":6},"end":{"line":93,"column":39}},"10":{"start":{"line":96,"column":6},"end":{"line":96,"column":48}},"11":{"start":{"line":98,"column":6},"end":{"line":98,"column":37}},"12":{"start":{"line":100,"column":6},"end":{"line":100,"column":33}},"13":{"start":{"line":104,"column":6},"end":{"line":104,"column":48}},"14":{"start":{"line":106,"column":6},"end":{"line":106,"column":37}},"15":{"start":{"line":108,"column":6},"end":{"line":108,"column":43}},"16":{"start":{"line":110,"column":6},"end":{"line":110,"column":41}},"17":{"start":{"line":112,"column":6},"end":{"line":112,"column":38}},"18":{"start":{"line":114,"column":6},"end":{"line":114,"column":44}},"19":{"start":{"line":118,"column":6},"end":{"line":118,"column":48}},"20":{"start":{"line":120,"column":6},"end":{"line":120,"column":41}},"21":{"start":{"line":122,"column":6},"end":{"line":122,"column":39}},"22":{"start":{"line":124,"column":6},"end":{"line":124,"column":44}},"23":{"start":{"line":129,"column":2},"end":{"line":129,"column":53}},"24":{"start":{"line":133,"column":2},"end":{"line":133,"column":61}},"25":{"start":{"line":137,"column":19},"end":{"line":137,"column":37}},"26":{"start":{"line":138,"column":2},"end":{"line":146,"column":3}},"27":{"start":{"line":139,"column":4},"end":{"line":143,"column":5}},"28":{"start":{"line":140,"column":6},"end":{"line":140,"column":38}},"29":{"start":{"line":142,"column":6},"end":{"line":142,"column":38}},"30":{"start":{"line":145,"column":4},"end":{"line":145,"column":40}}},"fnMap":{"0":{"name":"toHttpStatus","decl":{"start":{"line":88,"column":16},"end":{"line":88,"column":28}},"loc":{"start":{"line":88,"column":39},"end":{"line":126,"column":1}}},"1":{"name":"isHttpStatusCode","decl":{"start":{"line":128,"column":16},"end":{"line":128,"column":32}},"loc":{"start":{"line":128,"column":45},"end":{"line":130,"column":1}}},"2":{"name":"isHttpSuccess","decl":{"start":{"line":132,"column":16},"end":{"line":132,"column":29}},"loc":{"start":{"line":132,"column":42},"end":{"line":134,"column":1}}},"3":{"name":"sendResponse","decl":{"start":{"line":136,"column":16},"end":{"line":136,"column":28}},"loc":{"start":{"line":136,"column":73},"end":{"line":147,"column":1}}}},"branchMap":{"0":{"loc":{"start":{"line":89,"column":2},"end":{"line":125,"column":3}},"type":"switch","locations":[{"start":{"line":90,"column":4},"end":{"line":91,"column":31}},{"start":{"line":92,"column":4},"end":{"line":93,"column":39}},{"start":{"line":94,"column":4},"end":{"line":94,"column":26}},{"start":{"line":95,"column":4},"end":{"line":96,"column":48}},{"start":{"line":97,"column":4},"end":{"line":98,"column":37}},{"start":{"line":99,"column":4},"end":{"line":100,"column":33}},{"start":{"line":101,"column":4},"end":{"line":101,"column":23}},{"start":{"line":102,"column":4},"end":{"line":102,"column":28}},{"start":{"line":103,"column":4},"end":{"line":104,"column":48}},{"start":{"line":105,"column":4},"end":{"line":106,"column":37}},{"start":{"line":107,"column":4},"end":{"line":108,"column":43}},{"start":{"line":109,"column":4},"end":{"line":110,"column":41}},{"start":{"line":111,"column":4},"end":{"line":112,"column":38}},{"start":{"line":113,"column":4},"end":{"line":114,"column":44}},{"start":{"line":115,"column":4},"end":{"line":115,"column":26}},{"start":{"line":116,"column":4},"end":{"line":116,"column":25}},{"start":{"line":117,"column":4},"end":{"line":118,"column":48}},{"start":{"line":119,"column":4},"end":{"line":120,"column":41}},{"start":{"line":121,"column":4},"end":{"line":122,"column":39}},{"start":{"line":123,"column":4},"end":{"line":124,"column":44}}]},"1":{"loc":{"start":{"line":133,"column":9},"end":{"line":133,"column":60}},"type":"binary-expr","locations":[{"start":{"line":133,"column":9},"end":{"line":133,"column":31}},{"start":{"line":133,"column":35},"end":{"line":133,"column":46}},{"start":{"line":133,"column":50},"end":{"line":133,"column":60}}]},"2":{"loc":{"start":{"line":138,"column":2},"end":{"line":146,"column":3}},"type":"if","locations":[{"start":{"line":138,"column":2},"end":{"line":146,"column":3}},{"start":{"line":144,"column":9},"end":{"line":146,"column":3}}]},"3":{"loc":{"start":{"line":139,"column":4},"end":{"line":143,"column":5}},"type":"if","locations":[{"start":{"line":139,"column":4},"end":{"line":143,"column":5}},{"start":{"line":141,"column":11},"end":{"line":143,"column":5}}]}},"s":{"0":4,"1":4,"2":4,"3":4,"4":4,"5":4,"6":4,"7":4,"8":3,"9":0,"10":0,"11":0,"12":0,"13":0,"14":1,"15":0,"16":0,"17":0,"18":0,"19":0,"20":0,"21":0,"22":0,"23":4,"24":4,"25":4,"26":4,"27":3,"28":0,"29":3,"30":1},"f":{"0":4,"1":4,"2":4,"3":4},"b":{"0":[3,0,0,0,0,0,0,0,0,1,0,0,0,0,0,0,0,0,0,0],"1":[4,4,4],"2":[3,1],"3":[0,3]}}
,"/Users/kemojallow/Documents/Development/jobs/edu_beyond/utils/logger.ts": {"path":"/Users/kemojallow/Documents/Development/jobs/edu_beyond/utils/logger.ts","statementMap":{"0":{"start":{"line":1,"column":0},"end":{"line":1,"column":30}},"1":{"start":{"line":3,"column":15},"end":{"line":13,"column":2}},"2":{"start":{"line":15,"column":0},"end":{"line":15,"column":22}}},"fnMap":{},"branchMap":{},"s":{"0":2,"1":2,"2":2},"f":{},"b":{}}
}
