TN:
SF:app.ts
FN:22,(anonymous_1)
FN:25,(anonymous_2)
FN:29,(anonymous_3)
FNF:3
FNH:1
FNDA:0,(anonymous_1)
FNDA:1,(anonymous_2)
FNDA:0,(anonymous_3)
DA:1,1
DA:2,1
DA:3,1
DA:4,1
DA:5,1
DA:6,1
DA:8,1
DA:9,1
DA:16,1
DA:17,1
DA:18,1
DA:20,1
DA:22,1
DA:23,0
DA:25,1
DA:26,1
DA:29,1
DA:30,0
DA:31,0
DA:32,0
DA:34,1
LF:21
LH:17
BRF:0
BRH:0
end_of_record
TN:
SF:config/index.ts
FNF:0
FNH:0
DA:1,2
DA:2,2
DA:3,2
DA:11,2
DA:23,2
DA:24,2
DA:26,2
DA:27,2
LF:8
LH:8
BRDA:12,0,0,2
BRDA:12,0,1,2
BRDA:26,1,0,2
BRDA:26,1,1,2
BRF:4
BRH:4
end_of_record
TN:
SF:middlewares/fileSizeLimiter.ts
FN:5,(anonymous_0)
FN:8,(anonymous_1)
FNF:2
FNH:2
FNDA:7,(anonymous_0)
FNDA:5,(anonymous_1)
DA:2,3
DA:3,3
DA:5,3
DA:8,7
DA:9,5
DA:11,5
DA:12,1
DA:16,1
DA:19,4
DA:21,4
DA:22,1
DA:26,1
DA:29,3
DA:30,1
DA:31,1
DA:35,1
DA:38,2
DA:42,3
LF:18
LH:18
BRDA:6,0,0,3
BRDA:11,1,0,1
BRDA:21,2,0,1
BRDA:29,3,0,1
BRF:4
BRH:4
end_of_record
TN:
SF:middlewares/fileValidation.ts
FN:7,(anonymous_1)
FN:18,(anonymous_2)
FNF:2
FNH:2
FNDA:2,(anonymous_1)
FNDA:3,(anonymous_2)
DA:2,3
DA:3,3
DA:4,3
DA:5,3
DA:7,3
DA:8,2
DA:9,2
DA:10,2
DA:11,1
DA:13,1
DA:14,1
DA:18,3
DA:23,3
DA:24,2
DA:25,2
DA:26,2
DA:27,1
DA:33,2
LF:18
LH:18
BRDA:23,0,0,2
BRDA:26,1,0,1
BRF:2
BRH:2
end_of_record
TN:
SF:middlewares/rateLimiter.ts
FN:8,(anonymous_0)
FN:35,(anonymous_1)
FNF:2
FNH:2
FNDA:23,(anonymous_0)
FNDA:23,(anonymous_1)
DA:2,2
DA:5,2
DA:6,3
DA:8,3
DA:9,23
DA:10,23
DA:12,23
DA:14,23
DA:15,3
DA:17,20
DA:18,20
DA:19,1
DA:22,1
DA:27,1
DA:31,22
DA:32,22
DA:36,23
DA:45,2
LF:18
LH:18
BRDA:14,0,0,3
BRDA:14,0,1,20
BRDA:14,1,0,23
BRDA:14,1,1,20
BRDA:18,2,0,1
BRDA:37,3,0,23
BRDA:37,3,1,2
BRDA:37,3,2,0
BRDA:37,3,3,0
BRF:9
BRH:7
end_of_record
TN:
SF:routes/index.ts
FN:4,useRoutes
FNF:1
FNH:1
FNDA:1,useRoutes
DA:2,1
DA:4,1
DA:5,1
LF:3
LH:3
BRF:0
BRH:0
end_of_record
TN:
SF:routes/upload/index.ts
FN:7,uploadRoutes
FN:8,(anonymous_1)
FNF:2
FNH:2
FNDA:3,uploadRoutes
FNDA:2,(anonymous_1)
DA:2,2
DA:3,2
DA:4,2
DA:5,2
DA:7,2
DA:8,3
DA:9,2
DA:12,3
LF:8
LH:8
BRF:0
BRH:0
end_of_record
TN:
SF:services/upload/index.ts
FN:8,(anonymous_1)
FN:13,(anonymous_2)
FNF:2
FNH:2
FNDA:1,(anonymous_1)
FNDA:1,(anonymous_2)
DA:2,2
DA:3,2
DA:5,2
DA:6,2
DA:8,2
DA:13,1
DA:14,1
DA:15,0
DA:16,0
DA:18,0
DA:23,0
DA:27,1
DA:28,0
DA:29,0
DA:35,1
DA:36,0
DA:37,0
DA:43,1
DA:45,1
LF:19
LH:11
BRDA:14,0,0,0
BRDA:14,0,1,1
BRDA:15,1,0,0
BRDA:27,2,0,0
BRDA:35,3,0,0
BRF:5
BRH:1
end_of_record
TN:
SF:utils/constants.ts
FNF:0
FNH:0
DA:1,4
DA:2,4
DA:3,4
DA:4,4
DA:5,4
DA:7,4
DA:8,4
DA:10,4
DA:11,4
LF:9
LH:9
BRF:0
BRH:0
end_of_record
TN:
SF:utils/file.ts
FN:3,(anonymous_0)
FNF:1
FNH:1
FNDA:1,(anonymous_0)
DA:3,2
DA:8,1
DA:9,0
DA:11,1
LF:4
LH:3
BRDA:8,0,0,0
BRF:1
BRH:0
end_of_record
TN:
SF:utils/index.ts
FN:88,toHttpStatus
FN:128,isHttpStatusCode
FN:132,isHttpSuccess
FN:136,sendResponse
FNF:4
FNH:4
FNDA:4,toHttpStatus
FNDA:4,isHttpStatusCode
FNDA:4,isHttpSuccess
FNDA:4,sendResponse
DA:4,4
DA:55,4
DA:64,4
DA:88,4
DA:89,4
DA:91,3
DA:93,0
DA:96,0
DA:98,0
DA:100,0
DA:104,0
DA:106,1
DA:108,0
DA:110,0
DA:112,0
DA:114,0
DA:118,0
DA:120,0
DA:122,0
DA:124,0
DA:128,4
DA:129,4
DA:132,4
DA:133,4
DA:136,4
DA:137,4
DA:138,4
DA:139,3
DA:140,0
DA:142,3
DA:145,1
LF:31
LH:17
BRDA:89,0,0,3
BRDA:89,0,1,0
BRDA:89,0,2,0
BRDA:89,0,3,0
BRDA:89,0,4,0
BRDA:89,0,5,0
BRDA:89,0,6,0
BRDA:89,0,7,0
BRDA:89,0,8,0
BRDA:89,0,9,1
BRDA:89,0,10,0
BRDA:89,0,11,0
BRDA:89,0,12,0
BRDA:89,0,13,0
BRDA:89,0,14,0
BRDA:89,0,15,0
BRDA:89,0,16,0
BRDA:89,0,17,0
BRDA:89,0,18,0
BRDA:89,0,19,0
BRDA:133,1,0,4
BRDA:133,1,1,4
BRDA:133,1,2,4
BRDA:138,2,0,3
BRDA:138,2,1,1
BRDA:139,3,0,0
BRDA:139,3,1,3
BRF:27
BRH:8
end_of_record
TN:
SF:utils/logger.ts
FNF:0
FNH:0
DA:1,2
DA:3,2
DA:15,2
LF:3
LH:3
BRF:0
BRH:0
end_of_record
